This file contains any messages produced by compilers while
running configure, to aid debugging if configure makes a mistake.

It was created by omanix_tweaker configure 0.5, which was
generated by GNU Autoconf 2.68.  Invocation command line was

  $ /home/zero/omanix-tweaker/configure --enable-maintainer-mode CFLAGS=-g -O0 CXXFLAGS=-g -O0 JFLAGS=-g -O0 FFLAGS=-g -O0

## --------- ##
## Platform. ##
## --------- ##

hostname = anon
uname -m = i686
uname -r = 3.2.0-24-generic-pae
uname -s = Linux
uname -v = #37-Ubuntu SMP Wed Apr 25 10:47:59 UTC 2012

/usr/bin/uname -p = unknown
/bin/uname -X     = unknown

/bin/arch              = unknown
/usr/bin/arch -k       = unknown
/usr/convex/getsysinfo = unknown
/usr/bin/hostinfo      = unknown
/bin/machine           = unknown
/usr/bin/oslevel       = unknown
/bin/universe          = unknown

PATH: /usr/lib/lightdm/lightdm
PATH: /usr/local/sbin
PATH: /usr/local/bin
PATH: /usr/sbin
PATH: /usr/bin
PATH: /sbin
PATH: /bin
PATH: /usr/games


## ----------- ##
## Core tests. ##
## ----------- ##

configure:2439: checking for a BSD-compatible install
configure:2507: result: /usr/bin/install -c
configure:2518: checking whether build environment is sane
configure:2568: result: yes
configure:2709: checking for a thread-safe mkdir -p
configure:2748: result: /bin/mkdir -p
configure:2761: checking for gawk
configure:2791: result: no
configure:2761: checking for mawk
configure:2777: found /usr/bin/mawk
configure:2788: result: mawk
configure:2799: checking whether make sets $(MAKE)
configure:2821: result: yes
configure:2913: checking whether make supports nested variables
configure:2930: result: yes
configure:3000: checking for g++
configure:3016: found /usr/bin/g++
configure:3027: result: g++
configure:3054: checking for C++ compiler version
configure:3063: g++ --version >&5
g++ (Ubuntu/Linaro 4.6.3-1ubuntu5) 4.6.3
Copyright (C) 2011 Free Software Foundation, Inc.
This is free software; see the source for copying conditions.  There is NO
warranty; not even for MERCHANTABILITY or FITNESS FOR A PARTICULAR PURPOSE.

configure:3074: $? = 0
configure:3063: g++ -v >&5
Using built-in specs.
COLLECT_GCC=g++
COLLECT_LTO_WRAPPER=/usr/lib/gcc/i686-linux-gnu/4.6/lto-wrapper
Target: i686-linux-gnu
Configured with: ../src/configure -v --with-pkgversion='Ubuntu/Linaro 4.6.3-1ubuntu5' --with-bugurl=file:///usr/share/doc/gcc-4.6/README.Bugs --enable-languages=c,c++,fortran,objc,obj-c++ --prefix=/usr --program-suffix=-4.6 --enable-shared --enable-linker-build-id --with-system-zlib --libexecdir=/usr/lib --without-included-gettext --enable-threads=posix --with-gxx-include-dir=/usr/include/c++/4.6 --libdir=/usr/lib --enable-nls --with-sysroot=/ --enable-clocale=gnu --enable-libstdcxx-debug --enable-libstdcxx-time=yes --enable-gnu-unique-object --enable-plugin --enable-objc-gc --enable-targets=all --disable-werror --with-arch-32=i686 --with-tune=generic --enable-checking=release --build=i686-linux-gnu --host=i686-linux-gnu --target=i686-linux-gnu
Thread model: posix
gcc version 4.6.3 (Ubuntu/Linaro 4.6.3-1ubuntu5) 
configure:3074: $? = 0
configure:3063: g++ -V >&5
g++: error: unrecognized option '-V'
g++: fatal error: no input files
compilation terminated.
configure:3074: $? = 4
configure:3063: g++ -qversion >&5
g++: error: unrecognized option '-qversion'
g++: fatal error: no input files
compilation terminated.
configure:3074: $? = 4
configure:3094: checking whether the C++ compiler works
configure:3116: g++ -g -O0   conftest.cpp  >&5
configure:3120: $? = 0
configure:3168: result: yes
configure:3171: checking for C++ compiler default output file name
configure:3173: result: a.out
configure:3179: checking for suffix of executables
configure:3186: g++ -o conftest -g -O0   conftest.cpp  >&5
configure:3190: $? = 0
configure:3212: result: 
configure:3234: checking whether we are cross compiling
configure:3242: g++ -o conftest -g -O0   conftest.cpp  >&5
configure:3246: $? = 0
configure:3253: ./conftest
configure:3257: $? = 0
configure:3272: result: no
configure:3277: checking for suffix of object files
configure:3299: g++ -c -g -O0  conftest.cpp >&5
configure:3303: $? = 0
configure:3324: result: o
configure:3328: checking whether we are using the GNU C++ compiler
configure:3347: g++ -c -g -O0  conftest.cpp >&5
configure:3347: $? = 0
configure:3356: result: yes
configure:3365: checking whether g++ accepts -g
configure:3385: g++ -c -g  conftest.cpp >&5
configure:3385: $? = 0
configure:3426: result: yes
configure:3460: checking for style of include used by make
configure:3488: result: GNU
configure:3514: checking dependency style of g++
configure:3625: result: gcc3
configure:3645: checking whether NLS is requested
configure:3654: result: yes
configure:3706: checking for gcc
configure:3722: found /usr/bin/gcc
configure:3733: result: gcc
configure:3962: checking for C compiler version
configure:3971: gcc --version >&5
gcc (Ubuntu/Linaro 4.6.3-1ubuntu5) 4.6.3
Copyright (C) 2011 Free Software Foundation, Inc.
This is free software; see the source for copying conditions.  There is NO
warranty; not even for MERCHANTABILITY or FITNESS FOR A PARTICULAR PURPOSE.

configure:3982: $? = 0
configure:3971: gcc -v >&5
Using built-in specs.
COLLECT_GCC=gcc
COLLECT_LTO_WRAPPER=/usr/lib/gcc/i686-linux-gnu/4.6/lto-wrapper
Target: i686-linux-gnu
Configured with: ../src/configure -v --with-pkgversion='Ubuntu/Linaro 4.6.3-1ubuntu5' --with-bugurl=file:///usr/share/doc/gcc-4.6/README.Bugs --enable-languages=c,c++,fortran,objc,obj-c++ --prefix=/usr --program-suffix=-4.6 --enable-shared --enable-linker-build-id --with-system-zlib --libexecdir=/usr/lib --without-included-gettext --enable-threads=posix --with-gxx-include-dir=/usr/include/c++/4.6 --libdir=/usr/lib --enable-nls --with-sysroot=/ --enable-clocale=gnu --enable-libstdcxx-debug --enable-libstdcxx-time=yes --enable-gnu-unique-object --enable-plugin --enable-objc-gc --enable-targets=all --disable-werror --with-arch-32=i686 --with-tune=generic --enable-checking=release --build=i686-linux-gnu --host=i686-linux-gnu --target=i686-linux-gnu
Thread model: posix
gcc version 4.6.3 (Ubuntu/Linaro 4.6.3-1ubuntu5) 
configure:3982: $? = 0
configure:3971: gcc -V >&5
gcc: error: unrecognized option '-V'
gcc: fatal error: no input files
compilation terminated.
configure:3982: $? = 4
configure:3971: gcc -qversion >&5
gcc: error: unrecognized option '-qversion'
gcc: fatal error: no input files
compilation terminated.
configure:3982: $? = 4
configure:3986: checking whether we are using the GNU C compiler
configure:4005: gcc -c -g -O0  conftest.c >&5
configure:4005: $? = 0
configure:4014: result: yes
configure:4023: checking whether gcc accepts -g
configure:4043: gcc -c -g  conftest.c >&5
configure:4043: $? = 0
configure:4084: result: yes
configure:4101: checking for gcc option to accept ISO C89
configure:4165: gcc  -c -g -O0  conftest.c >&5
configure:4165: $? = 0
configure:4178: result: none needed
configure:4200: checking dependency style of gcc
configure:4311: result: gcc3
configure:4341: checking for intltool >= 0.35.0
configure:4343: result: 0.50.2 found
configure:4351: checking for intltool-update
configure:4369: found /usr/bin/intltool-update
configure:4381: result: /usr/bin/intltool-update
configure:4391: checking for intltool-merge
configure:4409: found /usr/bin/intltool-merge
configure:4421: result: /usr/bin/intltool-merge
configure:4431: checking for intltool-extract
configure:4449: found /usr/bin/intltool-extract
configure:4461: result: /usr/bin/intltool-extract
configure:4615: checking for xgettext
configure:4633: found /usr/bin/xgettext
configure:4645: result: /usr/bin/xgettext
configure:4655: checking for msgmerge
configure:4673: found /usr/bin/msgmerge
configure:4685: result: /usr/bin/msgmerge
configure:4695: checking for msgfmt
configure:4713: found /usr/bin/msgfmt
configure:4725: result: /usr/bin/msgfmt
configure:4735: checking for gmsgfmt
configure:4766: result: /usr/bin/msgfmt
configure:4786: checking for perl
configure:4804: found /usr/bin/perl
configure:4816: result: /usr/bin/perl
configure:4827: checking for perl >= 5.8.1
configure:4834: result: 5.14.2
configure:4838: checking for XML::Parser
configure:4841: result: ok
configure:4866: gcc -o conftest -g -O0   conftest.c  >&5
configure:4866: $? = 0
configure:4905: checking how to run the C preprocessor
configure:4936: gcc -E  conftest.c
configure:4936: $? = 0
configure:4950: gcc -E  conftest.c
conftest.c:12:28: fatal error: ac_nonexistent.h: No such file or directory
compilation terminated.
configure:4950: $? = 1
configure: failed program was:
| /* confdefs.h */
| #define PACKAGE_NAME "omanix_tweaker"
| #define PACKAGE_TARNAME "omanix_tweaker"
| #define PACKAGE_VERSION "0.5"
| #define PACKAGE_STRING "omanix_tweaker 0.5"
| #define PACKAGE_BUGREPORT ""
| #define PACKAGE_URL ""
| #define PACKAGE "omanix_tweaker"
| #define VERSION "0.5"
| #define GETTEXT_PACKAGE "omanix_tweaker"
| /* end confdefs.h.  */
| #include <ac_nonexistent.h>
configure:4975: result: gcc -E
configure:4995: gcc -E  conftest.c
configure:4995: $? = 0
configure:5009: gcc -E  conftest.c
conftest.c:12:28: fatal error: ac_nonexistent.h: No such file or directory
compilation terminated.
configure:5009: $? = 1
configure: failed program was:
| /* confdefs.h */
| #define PACKAGE_NAME "omanix_tweaker"
| #define PACKAGE_TARNAME "omanix_tweaker"
| #define PACKAGE_VERSION "0.5"
| #define PACKAGE_STRING "omanix_tweaker 0.5"
| #define PACKAGE_BUGREPORT ""
| #define PACKAGE_URL ""
| #define PACKAGE "omanix_tweaker"
| #define VERSION "0.5"
| #define GETTEXT_PACKAGE "omanix_tweaker"
| /* end confdefs.h.  */
| #include <ac_nonexistent.h>
configure:5038: checking for grep that handles long lines and -e
configure:5096: result: /bin/grep
configure:5101: checking for egrep
configure:5163: result: /bin/grep -E
configure:5168: checking for ANSI C header files
configure:5188: gcc -c -g -O0  conftest.c >&5
configure:5188: $? = 0
configure:5261: gcc -o conftest -g -O0   conftest.c  >&5
configure:5261: $? = 0
configure:5261: ./conftest
configure:5261: $? = 0
configure:5272: result: yes
configure:5285: checking for sys/types.h
configure:5285: gcc -c -g -O0  conftest.c >&5
configure:5285: $? = 0
configure:5285: result: yes
configure:5285: checking for sys/stat.h
configure:5285: gcc -c -g -O0  conftest.c >&5
configure:5285: $? = 0
configure:5285: result: yes
configure:5285: checking for stdlib.h
configure:5285: gcc -c -g -O0  conftest.c >&5
configure:5285: $? = 0
configure:5285: result: yes
configure:5285: checking for string.h
configure:5285: gcc -c -g -O0  conftest.c >&5
configure:5285: $? = 0
configure:5285: result: yes
configure:5285: checking for memory.h
configure:5285: gcc -c -g -O0  conftest.c >&5
configure:5285: $? = 0
configure:5285: result: yes
configure:5285: checking for strings.h
configure:5285: gcc -c -g -O0  conftest.c >&5
configure:5285: $? = 0
configure:5285: result: yes
configure:5285: checking for inttypes.h
configure:5285: gcc -c -g -O0  conftest.c >&5
configure:5285: $? = 0
configure:5285: result: yes
configure:5285: checking for stdint.h
configure:5285: gcc -c -g -O0  conftest.c >&5
configure:5285: $? = 0
configure:5285: result: yes
configure:5285: checking for unistd.h
configure:5285: gcc -c -g -O0  conftest.c >&5
configure:5285: $? = 0
configure:5285: result: yes
configure:5300: checking locale.h usability
configure:5300: gcc -c -g -O0  conftest.c >&5
configure:5300: $? = 0
configure:5300: result: yes
configure:5300: checking locale.h presence
configure:5300: gcc -E  conftest.c
configure:5300: $? = 0
configure:5300: result: yes
configure:5300: checking for locale.h
configure:5300: result: yes
configure:5311: checking for LC_MESSAGES
configure:5327: gcc -o conftest -g -O0   conftest.c  >&5
configure:5327: $? = 0
configure:5335: result: yes
configure:5352: checking libintl.h usability
configure:5352: gcc -c -g -O0  conftest.c >&5
configure:5352: $? = 0
configure:5352: result: yes
configure:5352: checking libintl.h presence
configure:5352: gcc -E  conftest.c
configure:5352: $? = 0
configure:5352: result: yes
configure:5352: checking for libintl.h
configure:5352: result: yes
configure:5360: checking for ngettext in libc
configure:5378: gcc -o conftest -g -O0   conftest.c  >&5
configure:5378: $? = 0
configure:5387: result: yes
configure:5391: checking for dgettext in libc
configure:5409: gcc -o conftest -g -O0   conftest.c  >&5
configure:5409: $? = 0
configure:5418: result: yes
configure:5425: checking for bind_textdomain_codeset
configure:5425: gcc -o conftest -g -O0   conftest.c  >&5
configure:5425: $? = 0
configure:5425: result: yes
configure:5701: checking for msgfmt
configure:5728: result: /usr/bin/msgfmt
configure:5739: checking for dcgettext
configure:5739: gcc -o conftest -g -O0   conftest.c   >&5
conftest.c:49:6: warning: conflicting types for built-in function 'dcgettext' [enabled by default]
configure:5739: $? = 0
configure:5739: result: yes
configure:5749: checking if msgfmt accepts -c
configure:5764: $MSGFMT -c -o /dev/null conftest.foo
configure:5767: $? = 0
configure:5769: result: yes
configure:5779: checking for gmsgfmt
configure:5810: result: /usr/bin/msgfmt
configure:5820: checking for xgettext
configure:5847: result: /usr/bin/xgettext
configure:5866: gcc -o conftest -g -O0   conftest.c   >&5
configure:5866: $? = 0
configure:6039: checking build system type
configure:6053: result: i686-pc-linux-gnu
configure:6073: checking host system type
configure:6086: result: i686-pc-linux-gnu
configure:6127: checking how to print strings
configure:6154: result: printf
configure:6175: checking for a sed that does not truncate output
configure:6239: result: /bin/sed
configure:6257: checking for fgrep
configure:6319: result: /bin/grep -F
configure:6354: checking for ld used by gcc
configure:6421: result: /usr/bin/ld
configure:6428: checking if the linker (/usr/bin/ld) is GNU ld
configure:6443: result: yes
configure:6455: checking for BSD- or MS-compatible name lister (nm)
configure:6504: result: /usr/bin/nm -B
configure:6634: checking the name lister (/usr/bin/nm -B) interface
configure:6641: gcc -c -g -O0  conftest.c >&5
configure:6644: /usr/bin/nm -B "conftest.o"
configure:6647: output
00000000 B some_variable
configure:6654: result: BSD nm
configure:6657: checking whether ln -s works
configure:6661: result: yes
configure:6669: checking the maximum length of command line arguments
configure:6799: result: 1572864
configure:6816: checking whether the shell understands some XSI constructs
configure:6826: result: yes
configure:6830: checking whether the shell understands "+="
configure:6836: result: yes
configure:6871: checking how to convert i686-pc-linux-gnu file names to i686-pc-linux-gnu format
configure:6911: result: func_convert_file_noop
configure:6918: checking how to convert i686-pc-linux-gnu file names to toolchain format
configure:6938: result: func_convert_file_noop
configure:6945: checking for /usr/bin/ld option to reload object files
configure:6952: result: -r
configure:7026: checking for objdump
configure:7042: found /usr/bin/objdump
configure:7053: result: objdump
configure:7085: checking how to recognize dependent libraries
configure:7287: result: pass_all
configure:7372: checking for dlltool
configure:7402: result: no
configure:7432: checking how to associate runtime and link libraries
configure:7459: result: printf %s\n
configure:7519: checking for ar
configure:7535: found /usr/bin/ar
configure:7546: result: ar
configure:7583: checking for archiver @FILE support
configure:7600: gcc -c -g -O0  conftest.c >&5
configure:7600: $? = 0
configure:7603: ar cru libconftest.a @conftest.lst >&5
configure:7606: $? = 0
configure:7611: ar cru libconftest.a @conftest.lst >&5
ar: conftest.o: No such file or directory
configure:7614: $? = 1
configure:7626: result: @
configure:7684: checking for strip
configure:7700: found /usr/bin/strip
configure:7711: result: strip
configure:7783: checking for ranlib
configure:7799: found /usr/bin/ranlib
configure:7810: result: ranlib
configure:7912: checking command to parse /usr/bin/nm -B output from gcc object
configure:8032: gcc -c -g -O0  conftest.c >&5
configure:8035: $? = 0
configure:8039: /usr/bin/nm -B conftest.o \| sed -n -e 's/^.*[ ]\([ABCDGIRSTW][ABCDGIRSTW]*\)[ ][ ]*\([_A-Za-z][_A-Za-z0-9]*\)$/\1 \2 \2/p' | sed '/ __gnu_lto/d' \> conftest.nm
configure:8042: $? = 0
configure:8108: gcc -o conftest -g -O0   conftest.c conftstm.o >&5
configure:8111: $? = 0
configure:8149: result: ok
configure:8186: checking for sysroot
configure:8216: result: no
configure:8472: checking for mt
configure:8488: found /bin/mt
configure:8499: result: mt
configure:8522: checking if mt is a manifest tool
configure:8528: mt '-?'
configure:8536: result: no
configure:9175: checking for dlfcn.h
configure:9175: gcc -c -g -O0  conftest.c >&5
configure:9175: $? = 0
configure:9175: result: yes
configure:9392: checking for objdir
configure:9407: result: .libs
configure:9674: checking if gcc supports -fno-rtti -fno-exceptions
configure:9692: gcc -c -g -O0  -fno-rtti -fno-exceptions conftest.c >&5
cc1: warning: command line option '-fno-rtti' is valid for C++/ObjC++ but not for C [enabled by default]
configure:9696: $? = 0
configure:9709: result: no
configure:10036: checking for gcc option to produce PIC
configure:10043: result: -fPIC -DPIC
configure:10051: checking if gcc PIC flag -fPIC -DPIC works
configure:10069: gcc -c -g -O0  -fPIC -DPIC -DPIC conftest.c >&5
configure:10073: $? = 0
configure:10086: result: yes
configure:10115: checking if gcc static flag -static works
configure:10143: result: yes
configure:10158: checking if gcc supports -c -o file.o
configure:10179: gcc -c -g -O0  -o out/conftest2.o conftest.c >&5
configure:10183: $? = 0
configure:10205: result: yes
configure:10213: checking if gcc supports -c -o file.o
configure:10260: result: yes
configure:10293: checking whether the gcc linker (/usr/bin/ld) supports shared libraries
configure:11450: result: yes
configure:11487: checking whether -lc should be explicitly linked in
configure:11495: gcc -c -g -O0  conftest.c >&5
configure:11498: $? = 0
configure:11513: gcc -shared  -fPIC -DPIC conftest.o  -v -Wl,-soname -Wl,conftest -o conftest 2\>\&1 \| /bin/grep  -lc  \>/dev/null 2\>\&1
configure:11516: $? = 0
configure:11530: result: no
configure:11690: checking dynamic linker characteristics
configure:12201: gcc -o conftest -g -O0   -Wl,-rpath -Wl,/foo conftest.c  >&5
configure:12201: $? = 0
configure:12435: result: GNU/Linux ld.so
configure:12542: checking how to hardcode library paths into programs
configure:12567: result: immediate
configure:13107: checking whether stripping libraries is possible
configure:13112: result: yes
configure:13147: checking if libtool supports shared libraries
configure:13149: result: yes
configure:13152: checking whether to build shared libraries
configure:13173: result: yes
configure:13176: checking whether to build static libraries
configure:13180: result: yes
configure:13203: checking how to run the C++ preprocessor
configure:13230: g++ -E  conftest.cpp
configure:13230: $? = 0
configure:13244: g++ -E  conftest.cpp
conftest.cpp:30:28: fatal error: ac_nonexistent.h: No such file or directory
compilation terminated.
configure:13244: $? = 1
configure: failed program was:
| /* confdefs.h */
| #define PACKAGE_NAME "omanix_tweaker"
| #define PACKAGE_TARNAME "omanix_tweaker"
| #define PACKAGE_VERSION "0.5"
| #define PACKAGE_STRING "omanix_tweaker 0.5"
| #define PACKAGE_BUGREPORT ""
| #define PACKAGE_URL ""
| #define PACKAGE "omanix_tweaker"
| #define VERSION "0.5"
| #define GETTEXT_PACKAGE "omanix_tweaker"
| #define STDC_HEADERS 1
| #define HAVE_SYS_TYPES_H 1
| #define HAVE_SYS_STAT_H 1
| #define HAVE_STDLIB_H 1
| #define HAVE_STRING_H 1
| #define HAVE_MEMORY_H 1
| #define HAVE_STRINGS_H 1
| #define HAVE_INTTYPES_H 1
| #define HAVE_STDINT_H 1
| #define HAVE_UNISTD_H 1
| #define HAVE_LOCALE_H 1
| #define HAVE_LC_MESSAGES 1
| #define HAVE_BIND_TEXTDOMAIN_CODESET 1
| #define HAVE_GETTEXT 1
| #define HAVE_DCGETTEXT 1
| #define ENABLE_NLS 1
| #define HAVE_DLFCN_H 1
| #define LT_OBJDIR ".libs/"
| /* end confdefs.h.  */
| #include <ac_nonexistent.h>
configure:13269: result: g++ -E
configure:13289: g++ -E  conftest.cpp
configure:13289: $? = 0
configure:13303: g++ -E  conftest.cpp
conftest.cpp:30:28: fatal error: ac_nonexistent.h: No such file or directory
compilation terminated.
configure:13303: $? = 1
configure: failed program was:
| /* confdefs.h */
| #define PACKAGE_NAME "omanix_tweaker"
| #define PACKAGE_TARNAME "omanix_tweaker"
| #define PACKAGE_VERSION "0.5"
| #define PACKAGE_STRING "omanix_tweaker 0.5"
| #define PACKAGE_BUGREPORT ""
| #define PACKAGE_URL ""
| #define PACKAGE "omanix_tweaker"
| #define VERSION "0.5"
| #define GETTEXT_PACKAGE "omanix_tweaker"
| #define STDC_HEADERS 1
| #define HAVE_SYS_TYPES_H 1
| #define HAVE_SYS_STAT_H 1
| #define HAVE_STDLIB_H 1
| #define HAVE_STRING_H 1
| #define HAVE_MEMORY_H 1
| #define HAVE_STRINGS_H 1
| #define HAVE_INTTYPES_H 1
| #define HAVE_STDINT_H 1
| #define HAVE_UNISTD_H 1
| #define HAVE_LOCALE_H 1
| #define HAVE_LC_MESSAGES 1
| #define HAVE_BIND_TEXTDOMAIN_CODESET 1
| #define HAVE_GETTEXT 1
| #define HAVE_DCGETTEXT 1
| #define ENABLE_NLS 1
| #define HAVE_DLFCN_H 1
| #define LT_OBJDIR ".libs/"
| /* end confdefs.h.  */
| #include <ac_nonexistent.h>
configure:13472: checking for ld used by g++
configure:13539: result: /usr/bin/ld
configure:13546: checking if the linker (/usr/bin/ld) is GNU ld
configure:13561: result: yes
configure:13616: checking whether the g++ linker (/usr/bin/ld) supports shared libraries
configure:14621: result: yes
configure:14657: g++ -c -g -O0  conftest.cpp >&5
configure:14660: $? = 0
configure:15180: checking for g++ option to produce PIC
configure:15187: result: -fPIC -DPIC
configure:15195: checking if g++ PIC flag -fPIC -DPIC works
configure:15213: g++ -c -g -O0  -fPIC -DPIC -DPIC conftest.cpp >&5
configure:15217: $? = 0
configure:15230: result: yes
configure:15253: checking if g++ static flag -static works
configure:15281: result: yes
configure:15293: checking if g++ supports -c -o file.o
configure:15314: g++ -c -g -O0  -o out/conftest2.o conftest.cpp >&5
configure:15318: $? = 0
configure:15340: result: yes
configure:15345: checking if g++ supports -c -o file.o
configure:15392: result: yes
configure:15422: checking whether the g++ linker (/usr/bin/ld) supports shared libraries
configure:15461: result: yes
configure:15602: checking dynamic linker characteristics
configure:16281: result: GNU/Linux ld.so
configure:16334: checking how to hardcode library paths into programs
configure:16359: result: immediate
configure:16477: checking for pkg-config
configure:16495: found /usr/bin/pkg-config
configure:16507: result: /usr/bin/pkg-config
configure:16532: checking pkg-config is at least version 0.9.0
configure:16535: result: yes
configure:16545: checking for SQLITE3
configure:16552: $PKG_CONFIG --exists --print-errors "sqlite3"
configure:16555: $? = 0
configure:16569: $PKG_CONFIG --exists --print-errors "sqlite3"
configure:16572: $? = 0
configure:16630: result: yes
configure:16637: checking for OMANIX_TWEAKER
configure:16644: $PKG_CONFIG --exists --print-errors "gtkmm-2.4 gconfmm-2.6 libsoup-gnome-2.4"
configure:16647: $? = 0
configure:16661: $PKG_CONFIG --exists --print-errors "gtkmm-2.4 gconfmm-2.6 libsoup-gnome-2.4"
configure:16664: $? = 0
configure:16722: result: yes
configure:16870: creating ./config.status

## ---------------------- ##
## Running config.status. ##
## ---------------------- ##

This file was extended by omanix_tweaker config.status 0.5, which was
generated by GNU Autoconf 2.68.  Invocation command line was

  CONFIG_FILES    = 
  CONFIG_HEADERS  = 
  CONFIG_LINKS    = 
  CONFIG_COMMANDS = 
  $ ./config.status 

on anon

config.status:1256: creating Makefile
config.status:1256: creating src/Makefile
config.status:1256: creating po/Makefile.in
config.status:1256: creating icons/Makefile
config.status:1256: creating icons/32x32/Makefile
config.status:1256: creating icons/48x48/Makefile
config.status:1256: creating icons/scalable/Makefile
config.status:1256: creating desktop/Makefile
config.status:1256: creating config.h
config.status:1422: config.h is unchanged
config.status:1470: executing depfiles commands
config.status:1470: executing default-1 commands
config.status:1470: executing libtool commands
config.status:1470: executing po/stamp-it commands
configure:19402: WARNING: unrecognized options: --enable-maintainer-mode

## ---------------- ##
## Cache variables. ##
## ---------------- ##

ac_cv_build=i686-pc-linux-gnu
ac_cv_c_compiler_gnu=yes
ac_cv_cxx_compiler_gnu=yes
ac_cv_env_CCC_set=
ac_cv_env_CCC_value=
ac_cv_env_CC_set=
ac_cv_env_CC_value=
ac_cv_env_CFLAGS_set=set
ac_cv_env_CFLAGS_value='-g -O0'
ac_cv_env_CPPFLAGS_set=
ac_cv_env_CPPFLAGS_value=
ac_cv_env_CPP_set=
ac_cv_env_CPP_value=
ac_cv_env_CXXCPP_set=
ac_cv_env_CXXCPP_value=
ac_cv_env_CXXFLAGS_set=set
ac_cv_env_CXXFLAGS_value='-g -O0'
ac_cv_env_CXX_set=
ac_cv_env_CXX_value=
ac_cv_env_LDFLAGS_set=
ac_cv_env_LDFLAGS_value=
ac_cv_env_LIBS_set=
ac_cv_env_LIBS_value=
ac_cv_env_OMANIX_TWEAKER_CFLAGS_set=
ac_cv_env_OMANIX_TWEAKER_CFLAGS_value=
ac_cv_env_OMANIX_TWEAKER_LIBS_set=
ac_cv_env_OMANIX_TWEAKER_LIBS_value=
ac_cv_env_PKG_CONFIG_LIBDIR_set=
ac_cv_env_PKG_CONFIG_LIBDIR_value=
ac_cv_env_PKG_CONFIG_PATH_set=
ac_cv_env_PKG_CONFIG_PATH_value=
ac_cv_env_PKG_CONFIG_set=
ac_cv_env_PKG_CONFIG_value=
ac_cv_env_SQLITE3_CFLAGS_set=
ac_cv_env_SQLITE3_CFLAGS_value=
ac_cv_env_SQLITE3_LIBS_set=
ac_cv_env_SQLITE3_LIBS_value=
ac_cv_env_build_alias_set=
ac_cv_env_build_alias_value=
ac_cv_env_host_alias_set=
ac_cv_env_host_alias_value=
ac_cv_env_target_alias_set=
ac_cv_env_target_alias_value=
ac_cv_func_bind_textdomain_codeset=yes
ac_cv_func_dcgettext=yes
ac_cv_header_dlfcn_h=yes
ac_cv_header_inttypes_h=yes
ac_cv_header_libintl_h=yes
ac_cv_header_locale_h=yes
ac_cv_header_memory_h=yes
ac_cv_header_stdc=yes
ac_cv_header_stdint_h=yes
ac_cv_header_stdlib_h=yes
ac_cv_header_string_h=yes
ac_cv_header_strings_h=yes
ac_cv_header_sys_stat_h=yes
ac_cv_header_sys_types_h=yes
ac_cv_header_unistd_h=yes
ac_cv_host=i686-pc-linux-gnu
ac_cv_objext=o
ac_cv_path_EGREP='/bin/grep -E'
ac_cv_path_FGREP='/bin/grep -F'
ac_cv_path_GMSGFMT=/usr/bin/msgfmt
ac_cv_path_GREP=/bin/grep
ac_cv_path_INTLTOOL_EXTRACT=/usr/bin/intltool-extract
ac_cv_path_INTLTOOL_MERGE=/usr/bin/intltool-merge
ac_cv_path_INTLTOOL_PERL=/usr/bin/perl
ac_cv_path_INTLTOOL_UPDATE=/usr/bin/intltool-update
ac_cv_path_MSGFMT=/usr/bin/msgfmt
ac_cv_path_MSGMERGE=/usr/bin/msgmerge
ac_cv_path_SED=/bin/sed
ac_cv_path_XGETTEXT=/usr/bin/xgettext
ac_cv_path_ac_pt_PKG_CONFIG=/usr/bin/pkg-config
ac_cv_path_install='/usr/bin/install -c'
ac_cv_path_mkdir=/bin/mkdir
ac_cv_prog_AWK=mawk
ac_cv_prog_CPP='gcc -E'
ac_cv_prog_CXXCPP='g++ -E'
ac_cv_prog_ac_ct_AR=ar
ac_cv_prog_ac_ct_CC=gcc
ac_cv_prog_ac_ct_CXX=g++
ac_cv_prog_ac_ct_MANIFEST_TOOL=mt
ac_cv_prog_ac_ct_OBJDUMP=objdump
ac_cv_prog_ac_ct_RANLIB=ranlib
ac_cv_prog_ac_ct_STRIP=strip
ac_cv_prog_cc_c89=
ac_cv_prog_cc_g=yes
ac_cv_prog_cxx_g=yes
ac_cv_prog_make_make_set=yes
am_cv_CC_dependencies_compiler_type=gcc3
am_cv_CXX_dependencies_compiler_type=gcc3
am_cv_make_support_nested_variables=yes
am_cv_val_LC_MESSAGES=yes
gt_cv_func_dgettext_libc=yes
gt_cv_func_dgettext_libintl=no
gt_cv_func_ngettext_libc=yes
gt_cv_have_gettext=yes
lt_cv_ar_at_file=@
lt_cv_archive_cmds_need_lc=no
lt_cv_deplibs_check_method=pass_all
lt_cv_file_magic_cmd='$MAGIC_CMD'
lt_cv_file_magic_test_file=
lt_cv_ld_reload_flag=-r
lt_cv_nm_interface='BSD nm'
lt_cv_objdir=.libs
lt_cv_path_LD=/usr/bin/ld
lt_cv_path_LDCXX=/usr/bin/ld
lt_cv_path_NM='/usr/bin/nm -B'
lt_cv_path_mainfest_tool=no
lt_cv_prog_compiler_c_o=yes
lt_cv_prog_compiler_c_o_CXX=yes
lt_cv_prog_compiler_pic='-fPIC -DPIC'
lt_cv_prog_compiler_pic_CXX='-fPIC -DPIC'
lt_cv_prog_compiler_pic_works=yes
lt_cv_prog_compiler_pic_works_CXX=yes
lt_cv_prog_compiler_rtti_exceptions=no
lt_cv_prog_compiler_static_works=yes
lt_cv_prog_compiler_static_works_CXX=yes
lt_cv_prog_gnu_ld=yes
lt_cv_prog_gnu_ldcxx=yes
lt_cv_sharedlib_from_linklib_cmd='printf %s\n'
lt_cv_shlibpath_overrides_runpath=no
lt_cv_sys_global_symbol_pipe='sed -n -e '\''s/^.*[	 ]\([ABCDGIRSTW][ABCDGIRSTW]*\)[	 ][	 ]*\([_A-Za-z][_A-Za-z0-9]*\)$/\1 \2 \2/p'\'' | sed '\''/ __gnu_lto/d'\'''
lt_cv_sys_global_symbol_to_c_name_address='sed -n -e '\''s/^: \([^ ]*\)[ ]*$/  {\"\1\", (void *) 0},/p'\'' -e '\''s/^[ABCDGIRSTW]* \([^ ]*\) \([^ ]*\)$/  {"\2", (void *) \&\2},/p'\'''
lt_cv_sys_global_symbol_to_c_name_address_lib_prefix='sed -n -e '\''s/^: \([^ ]*\)[ ]*$/  {\"\1\", (void *) 0},/p'\'' -e '\''s/^[ABCDGIRSTW]* \([^ ]*\) \(lib[^ ]*\)$/  {"\2", (void *) \&\2},/p'\'' -e '\''s/^[ABCDGIRSTW]* \([^ ]*\) \([^ ]*\)$/  {"lib\2", (void *) \&\2},/p'\'''
lt_cv_sys_global_symbol_to_cdecl='sed -n -e '\''s/^T .* \(.*\)$/extern int \1();/p'\'' -e '\''s/^[ABCDGIRSTW]* .* \(.*\)$/extern char \1;/p'\'''
lt_cv_sys_max_cmd_len=1572864
lt_cv_to_host_file_cmd=func_convert_file_noop
lt_cv_to_tool_file_cmd=func_convert_file_noop
pkg_cv_OMANIX_TWEAKER_CFLAGS='-pthread -I/usr/include/gtkmm-2.4 -I/usr/lib/i386-linux-gnu/gtkmm-2.4/include -I/usr/include/atkmm-1.6 -I/usr/include/giomm-2.4 -I/usr/lib/i386-linux-gnu/giomm-2.4/include -I/usr/include/pangomm-1.4 -I/usr/lib/i386-linux-gnu/pangomm-1.4/include -I/usr/include/gtk-2.0 -I/usr/include/gtk-unix-print-2.0 -I/usr/include/gdkmm-2.4 -I/usr/lib/i386-linux-gnu/gdkmm-2.4/include -I/usr/include/atk-1.0 -I/usr/include/glibmm-2.4 -I/usr/lib/i386-linux-gnu/glibmm-2.4/include -I/usr/include/glib-2.0 -I/usr/lib/i386-linux-gnu/glib-2.0/include -I/usr/include/sigc++-2.0 -I/usr/lib/i386-linux-gnu/sigc++-2.0/include -I/usr/include/cairomm-1.0 -I/usr/lib/i386-linux-gnu/cairomm-1.0/include -I/usr/include/pango-1.0 -I/usr/include/cairo -I/usr/include/pixman-1 -I/usr/include/freetype2 -I/usr/include/libpng12 -I/usr/lib/i386-linux-gnu/gtk-2.0/include -I/usr/include/gdk-pixbuf-2.0 -I/usr/include/gio-unix-2.0/ -I/usr/include/gconf/2 -I/usr/include/dbus-1.0 -I/usr/lib/i386-linux-gnu/dbus-1.0/include -I/usr/include/libsoup-gnome-2.4 -I/usr/include/libsoup-2.4 -I/usr/include/libxml2 -I/usr/include/gconfmm-2.6 -I/usr/lib/gconfmm-2.6/include  '
pkg_cv_OMANIX_TWEAKER_LIBS='-lgtkmm-2.4 -latkmm-1.6 -lgdkmm-2.4 -lgiomm-2.4 -lpangomm-1.4 -lgtk-x11-2.0 -lcairomm-1.0 -lgdk-x11-2.0 -latk-1.0 -lpangoft2-1.0 -lpangocairo-1.0 -lgdk_pixbuf-2.0 -lcairo -lpango-1.0 -lfreetype -lfontconfig -lgconfmm-2.6 -lglibmm-2.4 -lgconf-2 -lsigc-2.0 -lsoup-gnome-2.4 -lsoup-2.4 -lgio-2.0 -lgobject-2.0 -lglib-2.0  '
pkg_cv_SQLITE3_CFLAGS=' '
pkg_cv_SQLITE3_LIBS='-lsqlite3  '

## ----------------- ##
## Output variables. ##
## ----------------- ##

ACLOCAL='${SHELL} /home/zero/omanix-tweaker/missing --run aclocal-1.11'
ALL_LINGUAS=''
AMDEPBACKSLASH='\'
AMDEP_FALSE='#'
AMDEP_TRUE=''
AMTAR='$${TAR-tar}'
AM_BACKSLASH='\'
AM_DEFAULT_V='$(AM_DEFAULT_VERBOSITY)'
AM_DEFAULT_VERBOSITY='0'
AM_V='$(V)'
AR='ar'
AUTOCONF='${SHELL} /home/zero/omanix-tweaker/missing --run autoconf'
AUTOHEADER='${SHELL} /home/zero/omanix-tweaker/missing --run autoheader'
AUTOMAKE='${SHELL} /home/zero/omanix-tweaker/missing --run automake-1.11'
AWK='mawk'
CATALOGS=''
CATOBJEXT='.gmo'
CC='gcc'
CCDEPMODE='depmode=gcc3'
CFLAGS='-g -O0'
CPP='gcc -E'
CPPFLAGS=''
CXX='g++'
CXXCPP='g++ -E'
CXXDEPMODE='depmode=gcc3'
CXXFLAGS='-g -O0'
CYGPATH_W='echo'
DATADIRNAME='share'
DEFS='-DHAVE_CONFIG_H'
DEPDIR='.deps'
DLLTOOL='false'
DSYMUTIL=''
DUMPBIN=''
ECHO_C=''
ECHO_N='-n'
ECHO_T=''
EGREP='/bin/grep -E'
EXEEXT=''
FGREP='/bin/grep -F'
GETTEXT_PACKAGE='omanix_tweaker'
GMOFILES=''
GMSGFMT='/usr/bin/msgfmt'
GREP='/bin/grep'
INSTALL_DATA='${INSTALL} -m 644'
INSTALL_PROGRAM='${INSTALL}'
INSTALL_SCRIPT='${INSTALL}'
INSTALL_STRIP_PROGRAM='$(install_sh) -c -s'
INSTOBJEXT='.mo'
INTLLIBS=''
INTLTOOL_CAVES_RULE='%.caves:     %.caves.in     $(INTLTOOL_MERGE) $(wildcard $(top_srcdir)/po/*.po) ; $(INTLTOOL_V_MERGE)LC_ALL=C $(INTLTOOL_MERGE) $(INTLTOOL_V_MERGE_OPTIONS) -d -u -c $(top_builddir)/po/.intltool-merge-cache $(top_srcdir)/po $< $@'
INTLTOOL_DESKTOP_RULE='%.desktop:   %.desktop.in   $(INTLTOOL_MERGE) $(wildcard $(top_srcdir)/po/*.po) ; $(INTLTOOL_V_MERGE)LC_ALL=C $(INTLTOOL_MERGE) $(INTLTOOL_V_MERGE_OPTIONS) -d -u -c $(top_builddir)/po/.intltool-merge-cache $(top_srcdir)/po $< $@'
INTLTOOL_DIRECTORY_RULE='%.directory: %.directory.in $(INTLTOOL_MERGE) $(wildcard $(top_srcdir)/po/*.po) ; $(INTLTOOL_V_MERGE)LC_ALL=C $(INTLTOOL_MERGE) $(INTLTOOL_V_MERGE_OPTIONS) -d -u -c $(top_builddir)/po/.intltool-merge-cache $(top_srcdir)/po $< $@'
INTLTOOL_EXTRACT='/usr/bin/intltool-extract'
INTLTOOL_KBD_RULE='%.kbd:       %.kbd.in       $(INTLTOOL_MERGE) $(wildcard $(top_srcdir)/po/*.po) ; $(INTLTOOL_V_MERGE)LC_ALL=C $(INTLTOOL_MERGE) $(INTLTOOL_V_MERGE_OPTIONS) -x -u -m -c $(top_builddir)/po/.intltool-merge-cache $(top_srcdir)/po $< $@'
INTLTOOL_KEYS_RULE='%.keys:      %.keys.in      $(INTLTOOL_MERGE) $(wildcard $(top_srcdir)/po/*.po) ; $(INTLTOOL_V_MERGE)LC_ALL=C $(INTLTOOL_MERGE) $(INTLTOOL_V_MERGE_OPTIONS) -k -u -c $(top_builddir)/po/.intltool-merge-cache $(top_srcdir)/po $< $@'
INTLTOOL_MERGE='/usr/bin/intltool-merge'
INTLTOOL_OAF_RULE='%.oaf:       %.oaf.in       $(INTLTOOL_MERGE) $(wildcard $(top_srcdir)/po/*.po) ; $(INTLTOOL_V_MERGE)LC_ALL=C $(INTLTOOL_MERGE) $(INTLTOOL_V_MERGE_OPTIONS) -o -p $(top_srcdir)/po $< $@'
INTLTOOL_PERL='/usr/bin/perl'
INTLTOOL_POLICY_RULE='%.policy:    %.policy.in    $(INTLTOOL_MERGE) $(wildcard $(top_srcdir)/po/*.po) ; $(INTLTOOL_V_MERGE)LC_ALL=C $(INTLTOOL_MERGE) $(INTLTOOL_V_MERGE_OPTIONS) -x -u -c $(top_builddir)/po/.intltool-merge-cache $(top_srcdir)/po $< $@'
INTLTOOL_PONG_RULE='%.pong:      %.pong.in      $(INTLTOOL_MERGE) $(wildcard $(top_srcdir)/po/*.po) ; $(INTLTOOL_V_MERGE)LC_ALL=C $(INTLTOOL_MERGE) $(INTLTOOL_V_MERGE_OPTIONS) -x -u -c $(top_builddir)/po/.intltool-merge-cache $(top_srcdir)/po $< $@'
INTLTOOL_PROP_RULE='%.prop:      %.prop.in      $(INTLTOOL_MERGE) $(wildcard $(top_srcdir)/po/*.po) ; $(INTLTOOL_V_MERGE)LC_ALL=C $(INTLTOOL_MERGE) $(INTLTOOL_V_MERGE_OPTIONS) -d -u -c $(top_builddir)/po/.intltool-merge-cache $(top_srcdir)/po $< $@'
INTLTOOL_SCHEMAS_RULE='%.schemas:   %.schemas.in   $(INTLTOOL_MERGE) $(wildcard $(top_srcdir)/po/*.po) ; $(INTLTOOL_V_MERGE)LC_ALL=C $(INTLTOOL_MERGE) $(INTLTOOL_V_MERGE_OPTIONS) -s -u -c $(top_builddir)/po/.intltool-merge-cache $(top_srcdir)/po $< $@'
INTLTOOL_SERVER_RULE='%.server:    %.server.in    $(INTLTOOL_MERGE) $(wildcard $(top_srcdir)/po/*.po) ; $(INTLTOOL_V_MERGE)LC_ALL=C $(INTLTOOL_MERGE) $(INTLTOOL_V_MERGE_OPTIONS) -o -u -c $(top_builddir)/po/.intltool-merge-cache $(top_srcdir)/po $< $@'
INTLTOOL_SERVICE_RULE='%.service: %.service.in   $(INTLTOOL_MERGE) $(wildcard $(top_srcdir)/po/*.po) ; $(INTLTOOL_V_MERGE)LC_ALL=C $(INTLTOOL_MERGE) $(INTLTOOL_V_MERGE_OPTIONS) -d -u -c $(top_builddir)/po/.intltool-merge-cache $(top_srcdir)/po $< $@'
INTLTOOL_SHEET_RULE='%.sheet:     %.sheet.in     $(INTLTOOL_MERGE) $(wildcard $(top_srcdir)/po/*.po) ; $(INTLTOOL_V_MERGE)LC_ALL=C $(INTLTOOL_MERGE) $(INTLTOOL_V_MERGE_OPTIONS) -x -u -c $(top_builddir)/po/.intltool-merge-cache $(top_srcdir)/po $< $@'
INTLTOOL_SOUNDLIST_RULE='%.soundlist: %.soundlist.in $(INTLTOOL_MERGE) $(wildcard $(top_srcdir)/po/*.po) ; $(INTLTOOL_V_MERGE)LC_ALL=C $(INTLTOOL_MERGE) $(INTLTOOL_V_MERGE_OPTIONS) -d -u -c $(top_builddir)/po/.intltool-merge-cache $(top_srcdir)/po $< $@'
INTLTOOL_THEME_RULE='%.theme:     %.theme.in     $(INTLTOOL_MERGE) $(wildcard $(top_srcdir)/po/*.po) ; $(INTLTOOL_V_MERGE)LC_ALL=C $(INTLTOOL_MERGE) $(INTLTOOL_V_MERGE_OPTIONS) -d -u -c $(top_builddir)/po/.intltool-merge-cache $(top_srcdir)/po $< $@'
INTLTOOL_UI_RULE='%.ui:        %.ui.in        $(INTLTOOL_MERGE) $(wildcard $(top_srcdir)/po/*.po) ; $(INTLTOOL_V_MERGE)LC_ALL=C $(INTLTOOL_MERGE) $(INTLTOOL_V_MERGE_OPTIONS) -x -u -c $(top_builddir)/po/.intltool-merge-cache $(top_srcdir)/po $< $@'
INTLTOOL_UPDATE='/usr/bin/intltool-update'
INTLTOOL_V_MERGE='$(INTLTOOL__v_MERGE_$(V))'
INTLTOOL_V_MERGE_OPTIONS='$(intltool__v_merge_options_$(V))'
INTLTOOL_XAM_RULE='%.xam:       %.xml.in       $(INTLTOOL_MERGE) $(wildcard $(top_srcdir)/po/*.po) ; $(INTLTOOL_V_MERGE)LC_ALL=C $(INTLTOOL_MERGE) $(INTLTOOL_V_MERGE_OPTIONS) -x -u -c $(top_builddir)/po/.intltool-merge-cache $(top_srcdir)/po $< $@'
INTLTOOL_XML_NOMERGE_RULE='%.xml:       %.xml.in       $(INTLTOOL_MERGE) ; $(INTLTOOL_V_MERGE)LC_ALL=C $(INTLTOOL_MERGE) $(INTLTOOL_V_MERGE_OPTIONS) -x -u --no-translations $< $@'
INTLTOOL_XML_RULE='%.xml:       %.xml.in       $(INTLTOOL_MERGE) $(wildcard $(top_srcdir)/po/*.po) ; $(INTLTOOL_V_MERGE)LC_ALL=C $(INTLTOOL_MERGE) $(INTLTOOL_V_MERGE_OPTIONS) -x -u -c $(top_builddir)/po/.intltool-merge-cache $(top_srcdir)/po $< $@'
INTLTOOL__v_MERGE_0='@echo "  ITMRG " $@;'
INTLTOOL__v_MERGE_='$(INTLTOOL__v_MERGE_$(AM_DEFAULT_VERBOSITY))'
LD='/usr/bin/ld'
LDFLAGS=''
LIBOBJS=''
LIBS=''
LIBTOOL='$(SHELL) $(top_builddir)/libtool'
LIPO=''
LN_S='ln -s'
LTLIBOBJS=''
MAKEINFO='${SHELL} /home/zero/omanix-tweaker/missing --run makeinfo'
MANIFEST_TOOL=':'
MKDIR_P='/bin/mkdir -p'
MKINSTALLDIRS='/home/zero/omanix-tweaker/mkinstalldirs'
MSGFMT='/usr/bin/msgfmt'
MSGFMT_OPTS='-c'
MSGMERGE='/usr/bin/msgmerge'
NM='/usr/bin/nm -B'
NMEDIT=''
OBJDUMP='objdump'
OBJEXT='o'
OMANIX_TWEAKER_CFLAGS='-pthread -I/usr/include/gtkmm-2.4 -I/usr/lib/i386-linux-gnu/gtkmm-2.4/include -I/usr/include/atkmm-1.6 -I/usr/include/giomm-2.4 -I/usr/lib/i386-linux-gnu/giomm-2.4/include -I/usr/include/pangomm-1.4 -I/usr/lib/i386-linux-gnu/pangomm-1.4/include -I/usr/include/gtk-2.0 -I/usr/include/gtk-unix-print-2.0 -I/usr/include/gdkmm-2.4 -I/usr/lib/i386-linux-gnu/gdkmm-2.4/include -I/usr/include/atk-1.0 -I/usr/include/glibmm-2.4 -I/usr/lib/i386-linux-gnu/glibmm-2.4/include -I/usr/include/glib-2.0 -I/usr/lib/i386-linux-gnu/glib-2.0/include -I/usr/include/sigc++-2.0 -I/usr/lib/i386-linux-gnu/sigc++-2.0/include -I/usr/include/cairomm-1.0 -I/usr/lib/i386-linux-gnu/cairomm-1.0/include -I/usr/include/pango-1.0 -I/usr/include/cairo -I/usr/include/pixman-1 -I/usr/include/freetype2 -I/usr/include/libpng12 -I/usr/lib/i386-linux-gnu/gtk-2.0/include -I/usr/include/gdk-pixbuf-2.0 -I/usr/include/gio-unix-2.0/ -I/usr/include/gconf/2 -I/usr/include/dbus-1.0 -I/usr/lib/i386-linux-gnu/dbus-1.0/include -I/usr/include/libsoup-gnome-2.4 -I/usr/include/libsoup-2.4 -I/usr/include/libxml2 -I/usr/include/gconfmm-2.6 -I/usr/lib/gconfmm-2.6/include  '
OMANIX_TWEAKER_LIBS='-lgtkmm-2.4 -latkmm-1.6 -lgdkmm-2.4 -lgiomm-2.4 -lpangomm-1.4 -lgtk-x11-2.0 -lcairomm-1.0 -lgdk-x11-2.0 -latk-1.0 -lpangoft2-1.0 -lpangocairo-1.0 -lgdk_pixbuf-2.0 -lcairo -lpango-1.0 -lfreetype -lfontconfig -lgconfmm-2.6 -lglibmm-2.4 -lgconf-2 -lsigc-2.0 -lsoup-gnome-2.4 -lsoup-2.4 -lgio-2.0 -lgobject-2.0 -lglib-2.0  '
OTOOL64=''
OTOOL=''
PACKAGE='omanix_tweaker'
PACKAGE_BUGREPORT=''
PACKAGE_NAME='omanix_tweaker'
PACKAGE_STRING='omanix_tweaker 0.5'
PACKAGE_TARNAME='omanix_tweaker'
PACKAGE_URL=''
PACKAGE_VERSION='0.5'
PATH_SEPARATOR=':'
PKG_CONFIG='/usr/bin/pkg-config'
PKG_CONFIG_LIBDIR=''
PKG_CONFIG_PATH=''
POFILES=''
POSUB='po'
PO_IN_DATADIR_FALSE=''
PO_IN_DATADIR_TRUE=''
PROGRAMNAME_LOCALEDIR='${datarootdir}/locale'
RANLIB='ranlib'
SED='/bin/sed'
SET_MAKE=''
SHELL='/bin/bash'
SQLITE3_CFLAGS=' '
SQLITE3_LIBS='-lsqlite3  '
STRIP='strip'
USE_NLS='yes'
VERSION='0.5'
XGETTEXT='/usr/bin/xgettext'
ac_ct_AR='ar'
ac_ct_CC='gcc'
ac_ct_CXX='g++'
ac_ct_DUMPBIN=''
am__EXEEXT_FALSE=''
am__EXEEXT_TRUE='#'
am__fastdepCC_FALSE='#'
am__fastdepCC_TRUE=''
am__fastdepCXX_FALSE='#'
am__fastdepCXX_TRUE=''
am__include='include'
am__isrc=' -I$(srcdir)'
am__leading_dot='.'
am__nodep='_no'
am__quote=''
am__tar='$${TAR-tar} chof - "$$tardir"'
am__untar='$${TAR-tar} xf -'
bindir='${exec_prefix}/bin'
build='i686-pc-linux-gnu'
build_alias=''
build_cpu='i686'
build_os='linux-gnu'
build_vendor='pc'
datadir='${datarootdir}'
datarootdir='${prefix}/share'
docdir='${datarootdir}/doc/${PACKAGE_TARNAME}'
dvidir='${docdir}'
exec_prefix='${prefix}'
host='i686-pc-linux-gnu'
host_alias=''
host_cpu='i686'
host_os='linux-gnu'
host_vendor='pc'
htmldir='${docdir}'
includedir='${prefix}/include'
infodir='${datarootdir}/info'
install_sh='${SHELL} /home/zero/omanix-tweaker/install-sh'
intltool__v_merge_options_0='-q'
intltool__v_merge_options_='$(intltool__v_merge_options_$(AM_DEFAULT_VERBOSITY))'
libdir='${exec_prefix}/lib'
libexecdir='${exec_prefix}/libexec'
localedir='${datarootdir}/locale'
localstatedir='${prefix}/var'
mandir='${datarootdir}/man'
mkdir_p='/bin/mkdir -p'
oldincludedir='/usr/include'
pdfdir='${docdir}'
prefix='/usr/local'
program_transform_name='s,x,x,'
psdir='${docdir}'
sbindir='${exec_prefix}/sbin'
sharedstatedir='${prefix}/com'
sysconfdir='${prefix}/etc'
target_alias=''

## ----------- ##
## confdefs.h. ##
## ----------- ##

/* confdefs.h */
#define PACKAGE_NAME "omanix_tweaker"
#define PACKAGE_TARNAME "omanix_tweaker"
#define PACKAGE_VERSION "0.5"
#define PACKAGE_STRING "omanix_tweaker 0.5"
#define PACKAGE_BUGREPORT ""
#define PACKAGE_URL ""
#define PACKAGE "omanix_tweaker"
#define VERSION "0.5"
#define GETTEXT_PACKAGE "omanix_tweaker"
#define STDC_HEADERS 1
#define HAVE_SYS_TYPES_H 1
#define HAVE_SYS_STAT_H 1
#define HAVE_STDLIB_H 1
#define HAVE_STRING_H 1
#define HAVE_MEMORY_H 1
#define HAVE_STRINGS_H 1
#define HAVE_INTTYPES_H 1
#define HAVE_STDINT_H 1
#define HAVE_UNISTD_H 1
#define HAVE_LOCALE_H 1
#define HAVE_LC_MESSAGES 1
#define HAVE_BIND_TEXTDOMAIN_CODESET 1
#define HAVE_GETTEXT 1
#define HAVE_DCGETTEXT 1
#define ENABLE_NLS 1
#define HAVE_DLFCN_H 1
#define LT_OBJDIR ".libs/"

configure: exit 0
